<?xml version='1.0'?>
<ns2:test-suite xmlns:ns2='urn:model.allure.qatools.yandex.ru' start='1685020726396' stop='1685020726404'>
    <name>test stocks API</name>
    <title>test stocks API</title>
    <test-cases>
        <test-case start='1685020726397' status='failed' stop='1685020726402'>
            <name>Pass all the valid input in all the fields and send the request  then the response code should be 200 OK</name>
            <title>Pass all the valid input in all the fields and send the request  then the response code should be 200 OK</title>
            <labels>
                <label name='language' value='javascript'/>
                <label name='framework' value='wdio'/>
                <label name='thread' value='0-0'/>
            </labels>
            <parameters>
                <parameter kind='argument' name='browser' value='chrome'/>
                <parameter kind='environment-variable' name='BROWSER' value='chrome'/>
            </parameters>
            <steps>
                <step start='1685020726401' status='failed' stop='1685020726401'>
                    <name>status :200</name>
                    <title>status :200</title>
                    <attachments/>
                    <steps/>
                </step>
            </steps>
            <attachments/>
            <failure>
                <message>test validation failed</message>
                <stack-trace>AssertionError: test validation failed
                    at Context.&lt;anonymous> (C:\myworkfolder\Automation frameworks\apiAutomationInterview\test\specs\apiTests.js:44:20)
                    at Context.executeAsync (C:\myworkfolder\Automation frameworks\apiAutomationInterview\node_modules\@wdio\mocha-framework\node_modules\@wdio\utils\build\shim.js:333:27)
                    at Context.testFrameworkFnWrapper (C:\myworkfolder\Automation frameworks\apiAutomationInterview\node_modules\@wdio\mocha-framework\node_modules\@wdio\utils\build\test-framework\testFnWrapper.js:51:32)</stack-trace>
            </failure>
        </test-case>
    </test-cases>
</ns2:test-suite>