<?xml version='1.0'?>
<ns2:test-suite xmlns:ns2='urn:model.allure.qatools.yandex.ru' start='1685801630139' stop='1685801630159'>
    <name>test stocks API</name>
    <title>test stocks API</title>
    <test-cases>
        <test-case start='1685801630140' status='pending' stop='1685801630140'>
            <name>TC01 -Send the request with incorrect baseURI and verify the response code is 404 Not Found</name>
            <title>TC01 -Send the request with incorrect baseURI and verify the response code is 404 Not Found</title>
            <labels/>
            <parameters/>
            <steps/>
            <attachments/>
            <failure>
                <message>Test ignored</message>
                <stack-trace>undefined</stack-trace>
            </failure>
        </test-case>
        <test-case start='1685801630140' status='passed' stop='1685801630147'>
            <name>TC02 -Pass invalid characters in the request body and verify the response code is 400 Bad Request</name>
            <title>TC02 -Pass invalid characters in the request body and verify the response code is 400 Bad Request</title>
            <labels>
                <label name='language' value='javascript'/>
                <label name='framework' value='wdio'/>
                <label name='thread' value='0-0'/>
            </labels>
            <parameters>
                <parameter kind='argument' name='browser' value='chrome'/>
                <parameter kind='environment-variable' name='BROWSER' value='chrome'/>
            </parameters>
            <steps/>
            <attachments/>
        </test-case>
        <test-case start='1685801630148' status='failed' stop='1685801630156'>
            <name>TC03 - Pass all the valid input in all the fields and send the request  then the response code should be 200 OK</name>
            <title>TC03 - Pass all the valid input in all the fields and send the request  then the response code should be 200 OK</title>
            <labels>
                <label name='language' value='javascript'/>
                <label name='framework' value='wdio'/>
                <label name='thread' value='0-0'/>
            </labels>
            <parameters>
                <parameter kind='argument' name='browser' value='chrome'/>
                <parameter kind='environment-variable' name='BROWSER' value='chrome'/>
            </parameters>
            <steps/>
            <attachments/>
            <failure>
                <message>expected 200 to be 400</message>
                <stack-trace>AssertionError: expected 200 to be 400
                    at Assertion.fail (C:\myworkfolder\Automation frameworks\apiAutomationInterview\node_modules\should\cjs\should.js:275:17)
                    at Assertion.value (C:\myworkfolder\Automation frameworks\apiAutomationInterview\node_modules\should\cjs\should.js:356:19)
                    at C:\myworkfolder\Automation frameworks\apiAutomationInterview\test\specs\apiRequest.js:24:32
                    at Test.Request.callback (C:\myworkfolder\Automation frameworks\apiAutomationInterview\node_modules\superagent\lib\node\index.js:716:12)
                    at C:\myworkfolder\Automation frameworks\apiAutomationInterview\node_modules\superagent\lib\node\index.js:916:18
                    at IncomingMessage.&lt;anonymous> (C:\myworkfolder\Automation frameworks\apiAutomationInterview\node_modules\superagent\lib\node\parsers\json.js:19:7)
                    at IncomingMessage.emit (events.js:387:35)
                    at IncomingMessage.emit (domain.js:470:12)
                    at endReadableNT (internal/streams/readable.js:1317:12)
                    at processTicksAndRejections (internal/process/task_queues.js:82:21)</stack-trace>
            </failure>
        </test-case>
    </test-cases>
</ns2:test-suite>