<?xml version='1.0'?>
<ns2:test-suite xmlns:ns2='urn:model.allure.qatools.yandex.ru' start='1685020932542' stop='1685020932550'>
    <name>test stocks API</name>
    <title>test stocks API</title>
    <test-cases>
        <test-case start='1685020932543' status='failed' stop='1685020932548'>
            <name>Provide String value in the date field and trigger the request, it should throw 400 Bad Request</name>
            <title>Provide String value in the date field and trigger the request, it should throw 400 Bad Request</title>
            <labels>
                <label name='language' value='javascript'/>
                <label name='framework' value='wdio'/>
                <label name='thread' value='0-0'/>
            </labels>
            <parameters>
                <parameter kind='argument' name='browser' value='chrome'/>
                <parameter kind='environment-variable' name='BROWSER' value='chrome'/>
            </parameters>
            <steps>
                <step start='1685020932547' status='failed' stop='1685020932547'>
                    <name>status :undefined</name>
                    <title>status :undefined</title>
                    <attachments/>
                    <steps/>
                </step>
            </steps>
            <attachments/>
            <failure>
                <message>test validation failed</message>
                <stack-trace>AssertionError: test validation failed
                    at Context.&lt;anonymous> (C:\myworkfolder\Automation frameworks\apiAutomationInterview\test\specs\apiTests.js:91:20)
                    at Context.executeAsync (C:\myworkfolder\Automation frameworks\apiAutomationInterview\node_modules\@wdio\mocha-framework\node_modules\@wdio\utils\build\shim.js:333:27)
                    at Context.testFrameworkFnWrapper (C:\myworkfolder\Automation frameworks\apiAutomationInterview\node_modules\@wdio\mocha-framework\node_modules\@wdio\utils\build\test-framework\testFnWrapper.js:51:32)</stack-trace>
            </failure>
        </test-case>
    </test-cases>
</ns2:test-suite>