{"uid":"80d0a4644a567a1b","name":"Send the request with incorrect baseURI and verify the response code is 404 Not Found","fullName":"test stocks API.Send the request with incorrect baseURI and verify the response code is 404 Not Found","historyId":"382c80ae788e11924b6cd1dcb3ed32ff","time":{"start":1685020468293,"stop":1685020468299,"duration":6},"description":"","descriptionHtml":"","status":"failed","statusMessage":"test validation failed","statusTrace":"AssertionError: test validation failed\n                    at Context.<anonymous> (C:\\myworkfolder\\Automation frameworks\\apiAutomationInterview\\test\\specs\\apiTests.js:21:20)\n                    at Context.executeAsync (C:\\myworkfolder\\Automation frameworks\\apiAutomationInterview\\node_modules\\@wdio\\mocha-framework\\node_modules\\@wdio\\utils\\build\\shim.js:333:27)\n                    at Context.testFrameworkFnWrapper (C:\\myworkfolder\\Automation frameworks\\apiAutomationInterview\\node_modules\\@wdio\\mocha-framework\\node_modules\\@wdio\\utils\\build\\test-framework\\testFnWrapper.js:51:32)","flaky":false,"newFailed":false,"newBroken":false,"newPassed":false,"retriesCount":0,"retriesStatusChange":false,"beforeStages":[],"testStage":{"status":"failed","statusMessage":"test validation failed","statusTrace":"AssertionError: test validation failed\n                    at Context.<anonymous> (C:\\myworkfolder\\Automation frameworks\\apiAutomationInterview\\test\\specs\\apiTests.js:21:20)\n                    at Context.executeAsync (C:\\myworkfolder\\Automation frameworks\\apiAutomationInterview\\node_modules\\@wdio\\mocha-framework\\node_modules\\@wdio\\utils\\build\\shim.js:333:27)\n                    at Context.testFrameworkFnWrapper (C:\\myworkfolder\\Automation frameworks\\apiAutomationInterview\\node_modules\\@wdio\\mocha-framework\\node_modules\\@wdio\\utils\\build\\test-framework\\testFnWrapper.js:51:32)","steps":[{"name":"status :200","time":{"start":1685020468298,"stop":1685020468298,"duration":0},"status":"failed","statusMessage":"AssertionError: test validation failed\n                    at Context.<anonymous> (C:\\myworkfolder\\Automation frameworks\\apiAutomationInterview\\test\\specs\\apiTests.js:21:20)\n                    at Context.executeAsync (C:\\myworkfolder\\Automation frameworks\\apiAutomationInterview\\node_modules\\@wdio\\mocha-framework\\node_modules\\@wdio\\utils\\build\\shim.js:333:27)\n                    at Context.testFrameworkFnWrapper (C:\\myworkfolder\\Automation frameworks\\apiAutomationInterview\\node_modules\\@wdio\\mocha-framework\\node_modules\\@wdio\\utils\\build\\test-framework\\testFnWrapper.js:51:32)","steps":[],"attachments":[],"parameters":[],"hasContent":true,"stepsCount":0,"shouldDisplayMessage":true,"attachmentsCount":0}],"attachments":[],"parameters":[],"hasContent":true,"stepsCount":1,"shouldDisplayMessage":true,"attachmentsCount":0},"afterStages":[],"labels":[{"name":"framework","value":"wdio"},{"name":"language","value":"javascript"},{"name":"thread","value":"0-0"},{"name":"suite","value":"test stocks API"},{"name":"testClass","value":"test stocks API"},{"name":"testMethod","value":"Send the request with incorrect baseURI and verify the response code is 404 Not Found"},{"name":"package","value":"test stocks API"},{"name":"resultFormat","value":"allure1"}],"parameters":[{"name":"browser","value":"chrome"}],"links":[],"hidden":false,"retry":false,"extra":{"severity":"normal","retries":[],"categories":[{"name":"Product defects","matchedStatuses":[],"flaky":false}],"tags":[]},"source":"80d0a4644a567a1b.json","parameterValues":["chrome"]}