{"uid":"c89403c6573e1d57","name":"Pass invalid characters in the request body and verify the response code is 400 Bad Request","fullName":"test stocks API.Pass invalid characters in the request body and verify the response code is 400 Bad Request","historyId":"fe0d83a416a5c0c250a4844e52a41fd1","time":{"start":1685020973325,"stop":1685020973331,"duration":6},"description":"","descriptionHtml":"","status":"failed","statusMessage":"test validation failed","statusTrace":"AssertionError: test validation failed\n                    at Context.<anonymous> (C:\\myworkfolder\\Automation frameworks\\apiAutomationInterview\\test\\specs\\apiTests.js:32:20)\n                    at Context.executeAsync (C:\\myworkfolder\\Automation frameworks\\apiAutomationInterview\\node_modules\\@wdio\\mocha-framework\\node_modules\\@wdio\\utils\\build\\shim.js:333:27)\n                    at Context.testFrameworkFnWrapper (C:\\myworkfolder\\Automation frameworks\\apiAutomationInterview\\node_modules\\@wdio\\mocha-framework\\node_modules\\@wdio\\utils\\build\\test-framework\\testFnWrapper.js:51:32)","flaky":false,"newFailed":false,"newBroken":false,"newPassed":false,"retriesCount":2,"retriesStatusChange":true,"beforeStages":[],"testStage":{"status":"failed","statusMessage":"test validation failed","statusTrace":"AssertionError: test validation failed\n                    at Context.<anonymous> (C:\\myworkfolder\\Automation frameworks\\apiAutomationInterview\\test\\specs\\apiTests.js:32:20)\n                    at Context.executeAsync (C:\\myworkfolder\\Automation frameworks\\apiAutomationInterview\\node_modules\\@wdio\\mocha-framework\\node_modules\\@wdio\\utils\\build\\shim.js:333:27)\n                    at Context.testFrameworkFnWrapper (C:\\myworkfolder\\Automation frameworks\\apiAutomationInterview\\node_modules\\@wdio\\mocha-framework\\node_modules\\@wdio\\utils\\build\\test-framework\\testFnWrapper.js:51:32)","steps":[{"name":"status :200","time":{"start":1685020973329,"stop":1685020973329,"duration":0},"status":"failed","statusMessage":"AssertionError: test validation failed\n                    at Context.<anonymous> (C:\\myworkfolder\\Automation frameworks\\apiAutomationInterview\\test\\specs\\apiTests.js:32:20)\n                    at Context.executeAsync (C:\\myworkfolder\\Automation frameworks\\apiAutomationInterview\\node_modules\\@wdio\\mocha-framework\\node_modules\\@wdio\\utils\\build\\shim.js:333:27)\n                    at Context.testFrameworkFnWrapper (C:\\myworkfolder\\Automation frameworks\\apiAutomationInterview\\node_modules\\@wdio\\mocha-framework\\node_modules\\@wdio\\utils\\build\\test-framework\\testFnWrapper.js:51:32)","steps":[],"attachments":[],"parameters":[],"hasContent":true,"stepsCount":0,"shouldDisplayMessage":true,"attachmentsCount":0}],"attachments":[],"parameters":[],"hasContent":true,"stepsCount":1,"shouldDisplayMessage":true,"attachmentsCount":0},"afterStages":[],"labels":[{"name":"framework","value":"wdio"},{"name":"language","value":"javascript"},{"name":"thread","value":"0-0"},{"name":"suite","value":"test stocks API"},{"name":"testClass","value":"test stocks API"},{"name":"testMethod","value":"Pass invalid characters in the request body and verify the response code is 400 Bad Request"},{"name":"package","value":"test stocks API"},{"name":"resultFormat","value":"allure1"}],"parameters":[{"name":"browser","value":"chrome"}],"links":[],"hidden":false,"retry":false,"extra":{"severity":"normal","retries":[{"uid":"ae81df5304b5d7a8","status":"failed","statusDetails":"test validation failed","time":{"start":1685020609400,"stop":1685020609406,"duration":6}},{"uid":"5ec113c9761aa80d","status":"passed","time":{"start":1685020536161,"stop":1685020536167,"duration":6}}],"categories":[{"name":"Product defects","matchedStatuses":[],"flaky":false}],"tags":[]},"source":"c89403c6573e1d57.json","parameterValues":["chrome"]}