{"uid":"d12bf0372dee2539","name":"Pass all the valid input in all the fields and send the request  then the response code should be 200 OK","fullName":"test stocks API.Pass all the valid input in all the fields and send the request  then the response code should be 200 OK","historyId":"a905945229fe3eefec71b9b7bc1bb3fb","time":{"start":1685021096688,"stop":1685021096694,"duration":6},"description":"","descriptionHtml":"","status":"failed","statusMessage":"test validation failed","statusTrace":"AssertionError: test validation failed\n                    at Context.<anonymous> (C:\\myworkfolder\\Automation frameworks\\apiAutomationInterview\\test\\specs\\apiTests.js:44:20)\n                    at Context.executeAsync (C:\\myworkfolder\\Automation frameworks\\apiAutomationInterview\\node_modules\\@wdio\\mocha-framework\\node_modules\\@wdio\\utils\\build\\shim.js:333:27)\n                    at Context.testFrameworkFnWrapper (C:\\myworkfolder\\Automation frameworks\\apiAutomationInterview\\node_modules\\@wdio\\mocha-framework\\node_modules\\@wdio\\utils\\build\\test-framework\\testFnWrapper.js:51:32)","flaky":false,"newFailed":false,"newBroken":false,"newPassed":false,"retriesCount":0,"retriesStatusChange":false,"beforeStages":[],"testStage":{"status":"failed","statusMessage":"test validation failed","statusTrace":"AssertionError: test validation failed\n                    at Context.<anonymous> (C:\\myworkfolder\\Automation frameworks\\apiAutomationInterview\\test\\specs\\apiTests.js:44:20)\n                    at Context.executeAsync (C:\\myworkfolder\\Automation frameworks\\apiAutomationInterview\\node_modules\\@wdio\\mocha-framework\\node_modules\\@wdio\\utils\\build\\shim.js:333:27)\n                    at Context.testFrameworkFnWrapper (C:\\myworkfolder\\Automation frameworks\\apiAutomationInterview\\node_modules\\@wdio\\mocha-framework\\node_modules\\@wdio\\utils\\build\\test-framework\\testFnWrapper.js:51:32)","steps":[{"name":"status :200","time":{"start":1685021096692,"stop":1685021096692,"duration":0},"status":"failed","statusMessage":"AssertionError: test validation failed\n                    at Context.<anonymous> (C:\\myworkfolder\\Automation frameworks\\apiAutomationInterview\\test\\specs\\apiTests.js:44:20)\n                    at Context.executeAsync (C:\\myworkfolder\\Automation frameworks\\apiAutomationInterview\\node_modules\\@wdio\\mocha-framework\\node_modules\\@wdio\\utils\\build\\shim.js:333:27)\n                    at Context.testFrameworkFnWrapper (C:\\myworkfolder\\Automation frameworks\\apiAutomationInterview\\node_modules\\@wdio\\mocha-framework\\node_modules\\@wdio\\utils\\build\\test-framework\\testFnWrapper.js:51:32)","steps":[],"attachments":[],"parameters":[],"hasContent":true,"stepsCount":0,"shouldDisplayMessage":true,"attachmentsCount":0}],"attachments":[],"parameters":[],"hasContent":true,"stepsCount":1,"shouldDisplayMessage":true,"attachmentsCount":0},"afterStages":[],"labels":[{"name":"framework","value":"wdio"},{"name":"language","value":"javascript"},{"name":"thread","value":"0-0"},{"name":"suite","value":"test stocks API"},{"name":"testClass","value":"test stocks API"},{"name":"testMethod","value":"Pass all the valid input in all the fields and send the request  then the response code should be 200 OK"},{"name":"package","value":"test stocks API"},{"name":"resultFormat","value":"allure1"}],"parameters":[{"name":"browser","value":"chrome"}],"links":[],"hidden":true,"retry":true,"extra":{"categories":[],"tags":[]},"source":"d12bf0372dee2539.json","parameterValues":["chrome"]}